Retrieving project…
Deploying yoiioys-projects/nextjs
Uploading [--------------------] (0.0B/56B)
Uploading [====================] (56.0B/56B)
Inspect: https://vercel.com/yoiioys-projects/nextjs/6BZrpdk1JLqWuUj9ZwfP3hBG2cyM [2s]
Production: https://nextjs-8yxpo0iwi-yoiioys-projects.vercel.app [2s]
https://nextjs-8yxpo0iwi-yoiioys-projects.vercel.appBuilding...
Building: Running build in Washington, D.C., USA (East) – iad1
Building: Build machine configuration: 2 cores, 8 GB
Building: Retrieving list of deployment files...
Building: Downloading 225 deployment files...
Building: Downloading 225 deployment files...
Building: Restored build cache from previous deployment (H53QXRcnDBdELMApfr9SSWmCCBAW)
Building: Warning: "vercel" found in project dependencies and will be ignored.
Building: Running "vercel build"
Building: Vercel CLI 50.28.0
Building: Running "install" command: `yarn install`...
Building: yarn install v1.22.19
Building: info No lockfile found.
Building: [1/4] Resolving packages...
Building: warning get-starknet-core@4.0.0: Package no longer supported. Please use @starknet-io/get-starknet-core
Building: warning next-pwa > workbox-window@6.6.1: this package has been deprecated
Building: warning next-pwa > workbox-webpack-plugin@6.6.1: this package has been deprecated
Building: warning next-pwa > workbox-window > workbox-core@6.6.1: this package has been deprecated
Building: warning next-pwa > workbox-webpack-plugin > workbox-build@6.6.1: this package has been deprecated
Building: warning next-pwa > workbox-webpack-plugin > workbox-build > workbox-core@6.6.1: this package has been deprecated
Building: warning next-pwa > workbox-webpack-plugin > workbox-build > workbox-window@6.6.1: this package has been deprecated
Building: warning next-pwa > clean-webpack-plugin > del > rimraf@2.7.1: Rimraf versions prior to v4 are no longer supported
Building: warning next-pwa > clean-webpack-plugin > del > globby > glob@7.2.3: Old versions of glob are not supported, and contain widely publicized security vulnerabilities, which have been fixed in the current version. Please update. Support for old versions may be purchased (at exorbitant rates) by contacting i@izs.me
Building: warning next-pwa > workbox-webpack-plugin > workbox-build > glob@7.2.3: Old versions of glob are not supported, and contain widely publicized security vulnerabilities, which have been fixed in the current version. Please update. Support for old versions may be purchased (at exorbitant rates) by contacting i@izs.me
Building: warning next-pwa > clean-webpack-plugin > del > rimraf > glob@7.2.3: Old versions of glob are not supported, and contain widely publicized security vulnerabilities, which have been fixed in the current version. Please update. Support for old versions may be purchased (at exorbitant rates) by contacting i@izs.me
Building: warning next-pwa > workbox-webpack-plugin > workbox-build > source-map@0.8.0-beta.0: The work that was done in this beta branch won't be included in future versions
Building: warning next-pwa > workbox-webpack-plugin > workbox-build > workbox-sw@6.6.1: this package has been deprecated
Building: warning next-pwa > workbox-webpack-plugin > workbox-build > workbox-recipes@6.6.1: this package has been deprecated
Building: warning next-pwa > workbox-webpack-plugin > workbox-build > workbox-recipes > workbox-core@6.6.1: this package has been deprecated
Building: warning next-pwa > workbox-webpack-plugin > workbox-build > workbox-streams@6.6.1: this package has been deprecated
Building: warning next-pwa > workbox-webpack-plugin > workbox-build > workbox-streams > workbox-core@6.6.1: this package has been deprecated
Building: warning next-pwa > workbox-webpack-plugin > workbox-build > workbox-routing@6.6.1: this package has been deprecated
Building: warning next-pwa > workbox-webpack-plugin > workbox-build > workbox-recipes > workbox-routing@6.6.1: this package has been deprecated
Building: warning next-pwa > workbox-webpack-plugin > workbox-build > workbox-streams > workbox-routing@6.6.1: this package has been deprecated
Building: warning next-pwa > workbox-webpack-plugin > workbox-build > workbox-routing > workbox-core@6.6.1: this package has been deprecated
Building: warning next-pwa > workbox-webpack-plugin > workbox-build > workbox-expiration@6.6.1: this package has been deprecated
Building: warning next-pwa > workbox-webpack-plugin > workbox-build > workbox-recipes > workbox-expiration@6.6.1: this package has been deprecated
Building: warning next-pwa > workbox-webpack-plugin > workbox-build > workbox-expiration > workbox-core@6.6.1: this package has been deprecated
Building: warning next-pwa > workbox-webpack-plugin > workbox-build > workbox-precaching@6.6.1: this package has been deprecated
Building: warning next-pwa > workbox-webpack-plugin > workbox-build > workbox-recipes > workbox-precaching@6.6.1: this package has been deprecated
Building: warning next-pwa > workbox-webpack-plugin > workbox-build > workbox-precaching > workbox-core@6.6.1: this package has been deprecated
Building: warning next-pwa > workbox-webpack-plugin > workbox-build > workbox-precaching > workbox-routing@6.6.1: this package has been deprecated
Building: warning next-pwa > workbox-webpack-plugin > workbox-build > workbox-strategies@6.6.1: this package has been deprecated
Building: warning next-pwa > workbox-webpack-plugin > workbox-build > workbox-recipes > workbox-strategies@6.6.1: this package has been deprecated
Building: warning next-pwa > workbox-webpack-plugin > workbox-build > workbox-precaching > workbox-strategies@6.6.1: this package has been deprecated
Building: warning next-pwa > workbox-webpack-plugin > workbox-build > workbox-strategies > workbox-core@6.6.1: this package has been deprecated
Building: warning next-pwa > workbox-webpack-plugin > workbox-build > rollup-plugin-terser@7.0.2: This package has been deprecated and is no longer maintained. Please use @rollup/plugin-terser
Building: warning next-pwa > workbox-webpack-plugin > workbox-build > workbox-range-requests@6.6.1: this package has been deprecated
Building: warning next-pwa > workbox-webpack-plugin > workbox-build > workbox-range-requests > workbox-core@6.6.1: this package has been deprecated
Building: warning next-pwa > workbox-webpack-plugin > workbox-build > workbox-background-sync@6.6.1: this package has been deprecated
Building: warning next-pwa > workbox-webpack-plugin > workbox-build > workbox-background-sync > workbox-core@6.6.1: this package has been deprecated
Building: warning next-pwa > workbox-webpack-plugin > workbox-build > workbox-broadcast-update@6.6.1: this package has been deprecated
Building: warning next-pwa > workbox-webpack-plugin > workbox-build > workbox-broadcast-update > workbox-core@6.6.1: this package has been deprecated
Building: warning next-pwa > workbox-webpack-plugin > workbox-build > workbox-navigation-preload@6.6.1: this package has been deprecated
Building: warning next-pwa > workbox-webpack-plugin > workbox-build > workbox-navigation-preload > workbox-core@6.6.1: this package has been deprecated
Building: warning next-pwa > workbox-webpack-plugin > workbox-build > workbox-google-analytics@6.6.1: It is not compatible with newer versions of GA starting with v4, as long as you are using GAv3 it should be ok, but the package is not longer being maintained
Building: warning next-pwa > workbox-webpack-plugin > workbox-build > workbox-google-analytics > workbox-core@6.6.1: this package has been deprecated
Building: warning next-pwa > workbox-webpack-plugin > workbox-build > workbox-google-analytics > workbox-routing@6.6.1: this package has been deprecated
Building: warning next-pwa > workbox-webpack-plugin > workbox-build > workbox-google-analytics > workbox-strategies@6.6.1: this package has been deprecated
Building: warning next-pwa > workbox-webpack-plugin > workbox-build > workbox-google-analytics > workbox-background-sync@6.6.1: this package has been deprecated
Building: warning next-pwa > workbox-webpack-plugin > workbox-build > workbox-cacheable-response@6.6.1: workbox-background-sync@6.6.1
Building: warning next-pwa > workbox-webpack-plugin > workbox-build > workbox-recipes > workbox-cacheable-response@6.6.1: workbox-background-sync@6.6.1
Building: warning next-pwa > workbox-webpack-plugin > workbox-build > workbox-cacheable-response > workbox-core@6.6.1: this package has been deprecated
Building: warning next-pwa > clean-webpack-plugin > del > globby > glob > inflight@1.0.6: This module is not supported, and leaks memory. Do not use it. Check out lru-cache if you want a good and tested way to coalesce async requests by a key value, which is much more comprehensive and powerful.
Building: warning next-pwa > clean-webpack-plugin > del > @types/glob > @types/minimatch@6.0.0: This is a stub types definition. minimatch provides its own type definitions, so you do not need this installed.
Building: warning next-pwa > workbox-webpack-plugin > workbox-build > @rollup/plugin-replace > magic-string > sourcemap-codec@1.4.8: Please use @jridgewell/sourcemap-codec instead
Building: warning @types/next-pwa > workbox-build@6.6.1: this package has been deprecated
Building: warning @vitest/coverage-istanbul > test-exclude > glob@10.5.0: Old versions of glob are not supported, and contain widely publicized security vulnerabilities, which have been fixed in the current version. Please update. Support for old versions may be purchased (at exorbitant rates) by contacting i@izs.me
Building: warning eslint@8.57.1: This version is no longer supported. Please see https://eslint.org/version-support for other options.
Building: warning eslint > @humanwhocodes/config-array@0.13.0: Use @eslint/config-array instead
Building: warning eslint > file-entry-cache > flat-cache > rimraf@3.0.2: Rimraf versions prior to v4 are no longer supported
Building: warning eslint > file-entry-cache > flat-cache > rimraf > glob@7.2.3: Old versions of glob are not supported, and contain widely publicized security vulnerabilities, which have been fixed in the current version. Please update. Support for old versions may be purchased (at exorbitant rates) by contacting i@izs.me
Building: warning eslint > @humanwhocodes/config-array > @humanwhocodes/object-schema@2.0.3: Use @eslint/object-schema instead
Building: warning jsdom > whatwg-encoding@3.1.1: Use @exodus/bytes instead for a more spec-conformant and faster implementation
Building: warning jsdom > html-encoding-sniffer > whatwg-encoding@3.1.1: Use @exodus/bytes instead for a more spec-conformant and faster implementation
Building: warning vercel > @vercel/fun > uuid@3.3.2: Please upgrade  to version 7 or higher.  Older versions may use Math.random() in certain circumstances, which is known to be problematic.  See https://v8.dev/blog/math-random for details.
Building: warning vercel > @vercel/fun > debug@4.1.1: Debug versions >=3.2.0 <3.2.7 || >=4 <4.3.1 have a low-severity ReDos regression when used in a Node.js environment. It is recommended you upgrade to 3.2.7 or 4.3.1. (https://github.com/visionmedia/debug/issues/797)
Building: warning vercel > @vercel/fun > tar@4.4.18: Old versions of tar are not supported, and contain widely publicized security vulnerabilities, which have been fixed in the current version. Please update. Support for old versions may be purchased (at exorbitant rates) by contacting i@izs.me
Building: warning vercel > @vercel/fun > path-match@1.2.4: This package is archived and no longer maintained. For support, visit https://github.com/expressjs/express/discussions
Building: warning vercel > @vercel/redwood > @vercel/nft > glob@7.2.3: Old versions of glob are not supported, and contain widely publicized security vulnerabilities, which have been fixed in the current version. Please update. Support for old versions may be purchased (at exorbitant rates) by contacting i@izs.me
Building: warning vercel > @vercel/redwood > @vercel/nft > @mapbox/node-pre-gyp > tar@6.2.1: Old versions of tar are not supported, and contain widely publicized security vulnerabilities, which have been fixed in the current version. Please update. Support for old versions may be purchased (at exorbitant rates) by contacting i@izs.me
Building: warning vercel > @vercel/redwood > @vercel/nft > @mapbox/node-pre-gyp > rimraf@3.0.2: Rimraf versions prior to v4 are no longer supported
Building: warning vercel > @vercel/redwood > @vercel/nft > @mapbox/node-pre-gyp > npmlog@5.0.1: This package is no longer supported.
Building: warning vercel > @vercel/redwood > @vercel/nft > @mapbox/node-pre-gyp > npmlog > are-we-there-yet@2.0.0: This package is no longer supported.
Building: warning vercel > @vercel/redwood > @vercel/nft > @mapbox/node-pre-gyp > npmlog > gauge@3.0.2: This package is no longer supported.
Building: [2/4] Fetching packages...
Building: [3/4] Linking dependencies...
Building: warning " > @keplr-wallet/types@0.12.313" has incorrect peer dependency "starknet@^8".
Building: warning "@keplr-wallet/common > @keplr-wallet/crypto@0.12.313" has unmet peer dependency "bitcoinjs-lib@^6".
Building: warning "@keplr-wallet/common > @keplr-wallet/crypto@0.12.313" has incorrect peer dependency "starknet@^8".
Building: warning " > @keplr-wallet/provider-extension@0.12.313" has incorrect peer dependency "starknet@^8".
Building: warning " > @radix-ui/react-icons@1.3.0" has incorrect peer dependency "react@^16.x || ^17.x || ^18.x".
Building: warning " > @radix-ui/themes@2.0.3" has incorrect peer dependency "react@^16.8 || ^17.0 || ^18.0".
Building: warning " > @radix-ui/themes@2.0.3" has incorrect peer dependency "react-dom@^16.8 || ^17.0 || ^18.0".
Building: warning "@radix-ui/themes > @radix-ui/react-form@0.0.3" has incorrect peer dependency "react@^16.8 || ^17.0 || ^18.0".
Building: warning "@radix-ui/themes > @radix-ui/react-form@0.0.3" has incorrect peer dependency "react-dom@^16.8 || ^17.0 || ^18.0".
Building: warning "@radix-ui/themes > @radix-ui/react-form > @radix-ui/react-id@1.0.1" has incorrect peer dependency "react@^16.8 || ^17.0 || ^18.0".
Building: warning "@radix-ui/themes > @radix-ui/react-form > @radix-ui/react-label@2.0.2" has incorrect peer dependency "react@^16.8 || ^17.0 || ^18.0".
Building: warning "@radix-ui/themes > @radix-ui/react-form > @radix-ui/react-label@2.0.2" has incorrect peer dependency "react-dom@^16.8 || ^17.0 || ^18.0".
Building: warning "@radix-ui/themes > @radix-ui/react-form > @radix-ui/react-context@1.0.1" has incorrect peer dependency "react@^16.8 || ^17.0 || ^18.0".
Building: warning "@radix-ui/themes > @radix-ui/react-form > @radix-ui/react-compose-refs@1.0.1" has incorrect peer dependency "react@^16.8 || ^17.0 || ^18.0".
Building: warning "@radix-ui/themes > @radix-ui/react-form > @radix-ui/react-id > @radix-ui/react-use-layout-effect@1.0.1" has incorrect peer dependency "react@^16.8 || ^17.0 || ^18.0".
Building: warning "@radix-ui/themes > @radix-ui/react-form > @radix-ui/react-primitive@1.0.3" has incorrect peer dependency "react@^16.8 || ^17.0 || ^18.0".
Building: warning "@radix-ui/themes > @radix-ui/react-form > @radix-ui/react-primitive@1.0.3" has incorrect peer dependency "react-dom@^16.8 || ^17.0 || ^18.0".
Building: warning "@radix-ui/themes > @radix-ui/react-form > @radix-ui/react-primitive > @radix-ui/react-slot@1.0.2" has incorrect peer dependency "react@^16.8 || ^17.0 || ^18.0".
Building: warning " > @scaffold-stark/stark-burner@0.1.13" has incorrect peer dependency "starknet@^8.5.3".
Building: warning " > @starknet-react/core@5.0.3" has incorrect peer dependency "react@^18.0".
Building: warning " > @starknet-react/core@5.0.3" has incorrect peer dependency "starknet@^8.1.2".
Building: warning "next-pwa > babel-loader@8.4.1" has unmet peer dependency "@babel/core@^7.0.0".
Building: warning " > qrcode.react@3.2.0" has incorrect peer dependency "react@^16.8.0 || ^17.0.0 || ^18.0.0".
Building: warning " > usehooks-ts@2.16.0" has incorrect peer dependency "react@^16.8.0  || ^17 || ^18".
Building: warning "@types/next-pwa > next@13.5.11" has incorrect peer dependency "react@^18.2.0".
Building: warning "@types/next-pwa > next@13.5.11" has incorrect peer dependency "react-dom@^18.2.0".
Building: warning " > @vitest/coverage-istanbul@2.1.9" has incorrect peer dependency "vitest@2.1.9".
Building: warning " > @vitest/coverage-v8@2.1.9" has incorrect peer dependency "vitest@2.1.9".
Building: [4/4] Building fresh packages...
Building: success Saved lockfile.
Building: $ shx cp -n .env.example .env
Building: Done in 119.78s.
Building: Detected Next.js version: 15.2.8
Building: Running "yarn run build"
Building: yarn run v1.22.19
Building: $ next build
Building: ▲ Next.js 15.2.8
Building: - Environments: .env
Building: Creating an optimized production build ...
Building: /*! 🌼 daisyUI 5.5.19 */
Building: ✓ Compiled successfully
Building: Linting and checking validity of types ...
Building: Failed to compile.
Building: ./components/shadowvault/AgentPanel.tsx:16:9
Building: Type error: Unused '@ts-expect-error' directive.
Building: 14 |
Building: 15 |     const { data: currentAgent, isLoading: isAgentLoading } = useScaffoldReadContract({
Building: > 16 |         // @ts-expect-error - scaffold types
Building: |         ^
Building: 17 |         contractName: "ShadowVault",
Building: 18 |         // @ts-expect-error - scaffold types
Building: 19 |         functionName: "get_agent",
Building: Next.js build worker exited with code: 1 and signal: null
Building: error Command failed with exit code 1.
Building: info Visit https://yarnpkg.com/en/docs/cli/run for documentation about this command.
Building: Error: Command "yarn run build" exited with 1
Error: Command "yarn run build" exited with 1
